INFO: Go slim pipeline.
Process id: 29525
Initial memory: Resident memory: 12MB. Virtual memory: 189MB
Creating temp files under: /tmp/20170911232242_CFAQWBDT_pipeline_input_annotations.gaf
Parsing the InterProScan result output file: /hps/nobackup/production/metagenomics/results/v4//ERP009703/results/ERR867655_MERGED_FASTQ/ERR867655_MERGED_FASTQ_I5.tsv
Finished parsing.
After parsing the InterProScan result file: Resident memory: 12MB. Virtual memory: 189MB
Loading full Gene ontology: /hps/nobackup/production/metagenomics/production-scripts/clones/v4.0.1/analysis-pipeline/python/tools/go_summary_generator/go-basic_snapshot_20170817.obo
Finished loading.
After loading the full Gene ontology: Resident memory: 25MB. Virtual memory: 202MB
Generating full GO summary...
After generating the full GO summary: Resident memory: 25MB. Virtual memory: 202MB
Finished generation.
Writing full GO summary to the following file: /hps/nobackup/production/metagenomics/results/v4//ERP009703/results/ERR867655_MERGED_FASTQ/ERR867655_MERGED_FASTQ_summary.go
Finished writing.
Generating the GAF input file for Map2Slim...
Finished GAF file generation.
Memory before running Map2Slim: Resident memory: 11MB. Virtual memory: 190MB
Running Map2Slim now...
Map2Slim finished!
Parsing mapped annotations...
Finished parsing.
Getting GO slim counts by parsing I5 TSV again
After getting GO slim counts: Resident memory: 11MB. Virtual memory: 190MB
Writing GO slim summary to the following file: /hps/nobackup/production/metagenomics/results/v4//ERP009703/results/ERR867655_MERGED_FASTQ/ERR867655_MERGED_FASTQ_summary.go_slim
Finished writing.
Parsed 24 lines in the InterProScan result file.
Found 24 proteins in the InterProScan result file.
2 out of 24 proteins do have GO annotations.
Found 2 unique GO identifiers in the InterProScan result file.
Created 2 GAF entries to feed Map2Slim.
Program finished.

------------------------------------------------------------
Sender: LSF System <lsf@ebi6-160>
Subject: Job 4234882: <BJAPTU> in cluster <EBI> Done

Job <BJAPTU> was submitted from host <ebi5-204> by user <maxim> in cluster <EBI>.
Job was executed on host(s) <8*ebi6-160>, in queue <production-rh7>, as user <maxim> in cluster <EBI>.
</homes/maxim> was used as the home directory.
</homes/maxim> was used as the working directory.
Started at Mon Sep 11 23:22:41 2017
Results reported at Mon Sep 11 23:23:02 2017

Your job looked like:

------------------------------------------------------------
# LSBATCH: User input
------------------------------------------------------------

Successfully completed.

Resource usage summary:

    CPU time :               53.25 sec.
    Max Memory :             3119 MB
    Average Memory :         1444.50 MB
    Total Requested Memory : 8000.00 MB
    Delta Memory :           4881.00 MB
    (Delta: the difference between total requested memory and actual max usage.)
    Max Swap :               13166 MB

    Max Processes :          5
    Max Threads :            51

The output (if any) is above this job summary.



PS:

Read file </hps/nobackup/production/metagenomics/results/v4//ERP009703/results/ERR867655_MERGED_FASTQ/go-summary.err> for stderr output of this job.

